# JRE version: OpenJDK Runtime Environment (21.0.6) (build 21.0.6+-13355223-b631.42)
# Java VM: OpenJDK 64-Bit Server VM (21.0.6+-13355223-b631.42, mixed mode, tiered, compressed oops, compressed class ptrs, g1 gc, windows-amd64)
GC Precious Log:
 CardTable entry size: 512
 Card Set container configuration: InlinePtr #cards 5 size 8 Array Of Cards #cards 12 size 40 Howl #buckets 4 coarsen threshold 1843 Howl Bitmap #cards 512 size 80 coarsen threshold 460 Card regions per heap region 1 cards per card region 2048
 CPUs: 12 total, 12 available
 Memory: 6005M
 Large Page Support: Disabled
 NUMA Support: Disabled
 Compressed Oops: Enabled (32-bit)
 Heap Region Size: 1M
 Heap Min Capacity: 8M
 Heap Initial Capacity: 94M
 Heap Max Capacity: 2G
 Pre-touch: Disabled
 Parallel Workers: 10
 Concurrent Workers: 3
 Concurrent Refinement Workers: 10
 Periodic GC: Disabled
Heap:
 garbage-first heap   total 260096K, used 227923K [0x0000000080000000, 0x0000000100000000)
  region size 1024K, 77 young (78848K), 5 survivors (5120K)
 Metaspace       used 170407K, committed 172992K, reserved 1245184K
  class space    used 22219K, committed 23488K, reserved 1048576K
GC Heap History (20 events):
Event: 61.944 GC heap before
{Heap before GC invocations=42 (full 0):
 garbage-first heap   total 193536K, used 172231K [0x0000000080000000, 0x0000000100000000)
  region size 1024K, 60 young (61440K), 6 survivors (6144K)
 Metaspace       used 120128K, committed 122304K, reserved 1179648K
  class space    used 15782K, committed 16896K, reserved 1048576K
}
Event: 61.951 GC heap after
{Heap after GC invocations=43 (full 0):
 garbage-first heap   total 193536K, used 120118K [0x0000000080000000, 0x0000000100000000)
  region size 1024K, 8 young (8192K), 8 survivors (8192K)
 Metaspace       used 120128K, committed 122304K, reserved 1179648K
  class space    used 15782K, committed 16896K, reserved 1048576K
}
Event: 62.608 GC heap before
{Heap before GC invocations=43 (full 0):
 garbage-first heap   total 193536K, used 173366K [0x0000000080000000, 0x0000000100000000)
  region size 1024K, 61 young (62464K), 8 survivors (8192K)
 Metaspace       used 128859K, committed 131072K, reserved 1179648K
  class space    used 16727K, committed 17856K, reserved 1048576K
}
Event: 62.613 GC heap after
{Heap after GC invocations=44 (full 0):
 garbage-first heap   total 193536K, used 122381K [0x0000000080000000, 0x0000000100000000)
  region size 1024K, 7 young (7168K), 7 survivors (7168K)
 Metaspace       used 128859K, committed 131072K, reserved 1179648K
  class space    used 16727K, committed 17856K, reserved 1048576K
}
Event: 63.938 GC heap before
{Heap before GC invocations=45 (full 0):
 garbage-first heap   total 206848K, used 177677K [0x0000000080000000, 0x0000000100000000)
  region size 1024K, 57 young (58368K), 7 survivors (7168K)
 Metaspace       used 134364K, committed 136576K, reserved 1179648K
  class space    used 17255K, committed 18368K, reserved 1048576K
}
Event: 63.943 GC heap after
{Heap after GC invocations=46 (full 0):
 garbage-first heap   total 206848K, used 132279K [0x0000000080000000, 0x0000000100000000)
  region size 1024K, 8 young (8192K), 8 survivors (8192K)
 Metaspace       used 134364K, committed 136576K, reserved 1179648K
  class space    used 17255K, committed 18368K, reserved 1048576K
}
Event: 64.785 GC heap before
{Heap before GC invocations=46 (full 0):
 garbage-first heap   total 206848K, used 187575K [0x0000000080000000, 0x0000000100000000)
  region size 1024K, 61 young (62464K), 8 survivors (8192K)
 Metaspace       used 138210K, committed 140416K, reserved 1179648K
  class space    used 17753K, committed 18880K, reserved 1048576K
}
Event: 64.791 GC heap after
{Heap after GC invocations=47 (full 0):
 garbage-first heap   total 206848K, used 137433K [0x0000000080000000, 0x0000000100000000)
  region size 1024K, 5 young (5120K), 5 survivors (5120K)
 Metaspace       used 138210K, committed 140416K, reserved 1179648K
  class space    used 17753K, committed 18880K, reserved 1048576K
}
Event: 65.460 GC heap before
{Heap before GC invocations=47 (full 0):
 garbage-first heap   total 206848K, used 189657K [0x0000000080000000, 0x0000000100000000)
  region size 1024K, 56 young (57344K), 5 survivors (5120K)
 Metaspace       used 144200K, committed 146432K, reserved 1179648K
  class space    used 18417K, committed 19520K, reserved 1048576K
}
Event: 65.464 GC heap after
{Heap after GC invocations=48 (full 0):
 garbage-first heap   total 206848K, used 138986K [0x0000000080000000, 0x0000000100000000)
  region size 1024K, 2 young (2048K), 2 survivors (2048K)
 Metaspace       used 144200K, committed 146432K, reserved 1179648K
  class space    used 18417K, committed 19520K, reserved 1048576K
}
Event: 65.999 GC heap before
{Heap before GC invocations=49 (full 0):
 garbage-first heap   total 232448K, used 197354K [0x0000000080000000, 0x0000000100000000)
  region size 1024K, 54 young (55296K), 2 survivors (2048K)
 Metaspace       used 147388K, committed 149760K, reserved 1179648K
  class space    used 18878K, committed 20096K, reserved 1048576K
}
Event: 66.004 GC heap after
{Heap after GC invocations=50 (full 0):
 garbage-first heap   total 232448K, used 145625K [0x0000000080000000, 0x0000000100000000)
  region size 1024K, 7 young (7168K), 7 survivors (7168K)
 Metaspace       used 147388K, committed 149760K, reserved 1179648K
  class space    used 18878K, committed 20096K, reserved 1048576K
}
Event: 66.939 GC heap before
{Heap before GC invocations=50 (full 0):
 garbage-first heap   total 232448K, used 212185K [0x0000000080000000, 0x0000000100000000)
  region size 1024K, 72 young (73728K), 7 survivors (7168K)
 Metaspace       used 153479K, committed 155840K, reserved 1245184K
  class space    used 19666K, committed 20864K, reserved 1048576K
}
Event: 66.945 GC heap after
{Heap after GC invocations=51 (full 0):
 garbage-first heap   total 232448K, used 147218K [0x0000000080000000, 0x0000000100000000)
  region size 1024K, 4 young (4096K), 4 survivors (4096K)
 Metaspace       used 153479K, committed 155840K, reserved 1245184K
  class space    used 19666K, committed 20864K, reserved 1048576K
}
Event: 68.732 GC heap before
{Heap before GC invocations=51 (full 0):
 garbage-first heap   total 232448K, used 216850K [0x0000000080000000, 0x0000000100000000)
  region size 1024K, 69 young (70656K), 4 survivors (4096K)
 Metaspace       used 156423K, committed 158848K, reserved 1245184K
  class space    used 20079K, committed 21312K, reserved 1048576K
}
Event: 68.738 GC heap after
{Heap after GC invocations=52 (full 0):
 garbage-first heap   total 232448K, used 150989K [0x0000000080000000, 0x0000000100000000)
  region size 1024K, 9 young (9216K), 9 survivors (9216K)
 Metaspace       used 156423K, committed 158848K, reserved 1245184K
  class space    used 20079K, committed 21312K, reserved 1048576K
}
Event: 69.392 GC heap before
{Heap before GC invocations=52 (full 0):
 garbage-first heap   total 232448K, used 202189K [0x0000000080000000, 0x0000000100000000)
  region size 1024K, 60 young (61440K), 9 survivors (9216K)
 Metaspace       used 160358K, committed 162816K, reserved 1245184K
  class space    used 20610K, committed 21824K, reserved 1048576K
}
Event: 69.398 GC heap after
{Heap after GC invocations=53 (full 0):
 garbage-first heap   total 232448K, used 153871K [0x0000000080000000, 0x0000000100000000)
  region size 1024K, 3 young (3072K), 3 survivors (3072K)
 Metaspace       used 160358K, committed 162816K, reserved 1245184K
  class space    used 20610K, committed 21824K, reserved 1048576K
}
Event: 70.307 GC heap before
{Heap before GC invocations=54 (full 0):
 garbage-first heap   total 260096K, used 215311K [0x0000000080000000, 0x0000000100000000)
  region size 1024K, 62 young (63488K), 3 survivors (3072K)
 Metaspace       used 165103K, committed 167616K, reserved 1245184K
  class space    used 21423K, committed 22656K, reserved 1048576K
}
Event: 70.311 GC heap after
{Heap after GC invocations=55 (full 0):
 garbage-first heap   total 260096K, used 155219K [0x0000000080000000, 0x0000000100000000)
  region size 1024K, 5 young (5120K), 5 survivors (5120K)
 Metaspace       used 165103K, committed 167616K, reserved 1245184K
  class space    used 21423K, committed 22656K, reserved 1048576K
}

